[TRACE] - 2018-01-08 20:55:16,0861 - run-main-0 - fpinscala.datastructures.List$ - foldLeft(Cons(1,Cons(2,Cons(3,Cons(4,Cons(5,Nil))))),0
[TRACE] - 2018-01-08 20:55:16,0861 - run-main-0 - fpinscala.datastructures.List$ - foldLeft(Cons(2,Cons(3,Cons(4,Cons(5,Nil)))),0
[TRACE] - 2018-01-08 20:55:16,0862 - run-main-0 - fpinscala.datastructures.List$ - foldLeft(Cons(3,Cons(4,Cons(5,Nil))),0
[TRACE] - 2018-01-08 20:55:16,0862 - run-main-0 - fpinscala.datastructures.List$ - foldLeft(Cons(4,Cons(5,Nil)),0
[TRACE] - 2018-01-08 20:55:16,0862 - run-main-0 - fpinscala.datastructures.List$ - foldLeft(Cons(5,Nil),0
[TRACE] - 2018-01-08 20:55:16,0862 - run-main-0 - fpinscala.datastructures.List$ - foldLeft(Nil,0
[TRACE] - 2018-01-08 20:58:15,0713 - run-main-2 - fpinscala.datastructures.List$ - foldLeft(Cons(1,Cons(2,Cons(3,Cons(4,Cons(5,Nil))))),0
[TRACE] - 2018-01-08 20:58:15,0714 - run-main-2 - fpinscala.datastructures.List$ - foldLeft(Cons(2,Cons(3,Cons(4,Cons(5,Nil)))),0
[TRACE] - 2018-01-08 20:58:15,0714 - run-main-2 - fpinscala.datastructures.List$ - foldLeft(Cons(3,Cons(4,Cons(5,Nil))),0
[TRACE] - 2018-01-08 20:58:15,0714 - run-main-2 - fpinscala.datastructures.List$ - foldLeft(Cons(4,Cons(5,Nil)),0
[TRACE] - 2018-01-08 20:58:15,0715 - run-main-2 - fpinscala.datastructures.List$ - foldLeft(Cons(5,Nil),0
[TRACE] - 2018-01-08 20:58:15,0715 - run-main-2 - fpinscala.datastructures.List$ - foldLeft(Nil,0
[TRACE] - 2018-01-08 20:58:15,0716 - run-main-2 - fpinscala.datastructures.Run$ - add(0,5)
[TRACE] - 2018-01-08 20:58:15,0716 - run-main-2 - fpinscala.datastructures.Run$ - add(5,4)
[TRACE] - 2018-01-08 20:58:15,0716 - run-main-2 - fpinscala.datastructures.Run$ - add(9,3)
[TRACE] - 2018-01-08 20:58:15,0716 - run-main-2 - fpinscala.datastructures.Run$ - add(12,2)
[TRACE] - 2018-01-08 20:58:15,0716 - run-main-2 - fpinscala.datastructures.Run$ - add(14,1)
[TRACE] - 2018-01-08 21:03:44,0416 - run-main-3 - fpinscala.datastructures.List$ - ()
[TRACE] - 2018-01-08 21:03:44,0416 - run-main-3 - fpinscala.datastructures.List$ - ()
[TRACE] - 2018-01-08 21:03:44,0416 - run-main-3 - fpinscala.datastructures.List$ - ()
[TRACE] - 2018-01-08 21:03:44,0417 - run-main-3 - fpinscala.datastructures.List$ - ()
[TRACE] - 2018-01-08 21:03:44,0417 - run-main-3 - fpinscala.datastructures.List$ - ()
[TRACE] - 2018-01-08 21:03:44,0418 - run-main-3 - fpinscala.datastructures.List$ - ()
[TRACE] - 2018-01-08 21:03:44,0419 - run-main-3 - fpinscala.datastructures.Run$ - add(0,5)
[TRACE] - 2018-01-08 21:03:44,0419 - run-main-3 - fpinscala.datastructures.Run$ - add(5,4)
[TRACE] - 2018-01-08 21:03:44,0419 - run-main-3 - fpinscala.datastructures.Run$ - add(9,3)
[TRACE] - 2018-01-08 21:03:44,0419 - run-main-3 - fpinscala.datastructures.Run$ - add(12,2)
[TRACE] - 2018-01-08 21:03:44,0419 - run-main-3 - fpinscala.datastructures.Run$ - add(14,1)
[TRACE] - 2018-01-08 21:05:07,0727 - run-main-4 - fpinscala.datastructures.List$ - foldLeft(Cons(1,Cons(2,Cons(3,Cons(4,Cons(5,Nil))))),0)
[TRACE] - 2018-01-08 21:05:07,0728 - run-main-4 - fpinscala.datastructures.List$ - ()
[TRACE] - 2018-01-08 21:05:07,0728 - run-main-4 - fpinscala.datastructures.List$ - foldLeft(Cons(2,Cons(3,Cons(4,Cons(5,Nil)))),0)
[TRACE] - 2018-01-08 21:05:07,0728 - run-main-4 - fpinscala.datastructures.List$ - ()
[TRACE] - 2018-01-08 21:05:07,0728 - run-main-4 - fpinscala.datastructures.List$ - foldLeft(Cons(3,Cons(4,Cons(5,Nil))),0)
[TRACE] - 2018-01-08 21:05:07,0729 - run-main-4 - fpinscala.datastructures.List$ - ()
[TRACE] - 2018-01-08 21:05:07,0729 - run-main-4 - fpinscala.datastructures.List$ - foldLeft(Cons(4,Cons(5,Nil)),0)
[TRACE] - 2018-01-08 21:05:07,0729 - run-main-4 - fpinscala.datastructures.List$ - ()
[TRACE] - 2018-01-08 21:05:07,0729 - run-main-4 - fpinscala.datastructures.List$ - foldLeft(Cons(5,Nil),0)
[TRACE] - 2018-01-08 21:05:07,0729 - run-main-4 - fpinscala.datastructures.List$ - ()
[TRACE] - 2018-01-08 21:05:07,0729 - run-main-4 - fpinscala.datastructures.List$ - foldLeft(Nil,0)
[TRACE] - 2018-01-08 21:05:07,0730 - run-main-4 - fpinscala.datastructures.List$ - ()
[TRACE] - 2018-01-08 21:05:07,0730 - run-main-4 - fpinscala.datastructures.Run$ - add(0,5)
[TRACE] - 2018-01-08 21:05:07,0731 - run-main-4 - fpinscala.datastructures.Run$ - add(5,4)
[TRACE] - 2018-01-08 21:05:07,0731 - run-main-4 - fpinscala.datastructures.Run$ - add(9,3)
[TRACE] - 2018-01-08 21:05:07,0731 - run-main-4 - fpinscala.datastructures.Run$ - add(12,2)
[TRACE] - 2018-01-08 21:05:07,0731 - run-main-4 - fpinscala.datastructures.Run$ - add(14,1)
[TRACE] - 2018-01-08 21:08:00,0399 - run-main-5 - fpinscala.datastructures.Run$ - add(0,5)
[TRACE] - 2018-01-08 21:08:00,0399 - run-main-5 - fpinscala.datastructures.Run$ - add(5,4)
[TRACE] - 2018-01-08 21:08:00,0399 - run-main-5 - fpinscala.datastructures.Run$ - add(9,3)
[TRACE] - 2018-01-08 21:08:00,0400 - run-main-5 - fpinscala.datastructures.Run$ - add(12,2)
[TRACE] - 2018-01-08 21:08:00,0400 - run-main-5 - fpinscala.datastructures.Run$ - add(14,1)
[TRACE] - 2018-01-08 21:09:08,0210 - run-main-6 - fpinscala.datastructures.Run$ - add(0,5)
[TRACE] - 2018-01-08 21:09:08,0210 - run-main-6 - fpinscala.datastructures.Run$ - add(5,4)
[TRACE] - 2018-01-08 21:09:08,0210 - run-main-6 - fpinscala.datastructures.Run$ - add(9,3)
[TRACE] - 2018-01-08 21:09:08,0210 - run-main-6 - fpinscala.datastructures.Run$ - add(12,2)
[TRACE] - 2018-01-08 21:09:08,0210 - run-main-6 - fpinscala.datastructures.Run$ - add(14,1)
[TRACE] - 2018-01-08 21:10:01,0483 - run-main-7 - fpinscala.datastructures.Run$ - add(0,1)
[TRACE] - 2018-01-08 21:10:01,0484 - run-main-7 - fpinscala.datastructures.Run$ - add(1,2)
[TRACE] - 2018-01-08 21:10:01,0484 - run-main-7 - fpinscala.datastructures.Run$ - add(3,3)
[TRACE] - 2018-01-08 21:10:01,0484 - run-main-7 - fpinscala.datastructures.Run$ - add(6,4)
[TRACE] - 2018-01-08 21:10:01,0484 - run-main-7 - fpinscala.datastructures.Run$ - add(10,5)
[TRACE] - 2018-01-08 21:12:04,0195 - run-main-8 - fpinscala.datastructures.Run$ - add(0,1)
[TRACE] - 2018-01-08 21:12:04,0196 - run-main-8 - fpinscala.datastructures.Run$ - add(1,2)
[TRACE] - 2018-01-08 21:12:04,0196 - run-main-8 - fpinscala.datastructures.Run$ - add(3,3)
[TRACE] - 2018-01-08 21:12:04,0196 - run-main-8 - fpinscala.datastructures.Run$ - add(6,4)
[TRACE] - 2018-01-08 21:12:04,0196 - run-main-8 - fpinscala.datastructures.Run$ - add(10,5)
[TRACE] - 2018-01-08 21:12:04,0198 - run-main-8 - fpinscala.datastructures.Run$ - add(0,5)
[TRACE] - 2018-01-08 21:12:04,0198 - run-main-8 - fpinscala.datastructures.Run$ - add(5,4)
[TRACE] - 2018-01-08 21:12:04,0198 - run-main-8 - fpinscala.datastructures.Run$ - add(9,3)
[TRACE] - 2018-01-08 21:12:04,0198 - run-main-8 - fpinscala.datastructures.Run$ - add(12,2)
[TRACE] - 2018-01-08 21:12:04,0198 - run-main-8 - fpinscala.datastructures.Run$ - add(14,1)
[TRACE] - 2018-01-08 21:12:44,0021 - run-main-9 - fpinscala.datastructures.Run$ - add(0,1)
[TRACE] - 2018-01-08 21:12:44,0022 - run-main-9 - fpinscala.datastructures.Run$ - add(1,2)
[TRACE] - 2018-01-08 21:12:44,0022 - run-main-9 - fpinscala.datastructures.Run$ - add(3,3)
[TRACE] - 2018-01-08 21:12:44,0022 - run-main-9 - fpinscala.datastructures.Run$ - add(6,4)
[TRACE] - 2018-01-08 21:12:44,0022 - run-main-9 - fpinscala.datastructures.Run$ - add(10,5)
[TRACE] - 2018-01-08 21:12:44,0022 - run-main-9 - fpinscala.datastructures.Run$ - add(15,6)
[TRACE] - 2018-01-08 21:12:44,0022 - run-main-9 - fpinscala.datastructures.Run$ - add(21,7)
[TRACE] - 2018-01-08 21:12:44,0022 - run-main-9 - fpinscala.datastructures.Run$ - add(28,8)
[TRACE] - 2018-01-08 21:12:44,0022 - run-main-9 - fpinscala.datastructures.Run$ - add(36,9)
[TRACE] - 2018-01-08 21:12:44,0022 - run-main-9 - fpinscala.datastructures.Run$ - add(45,10)
[TRACE] - 2018-01-08 21:12:44,0024 - run-main-9 - fpinscala.datastructures.Run$ - add(0,10)
[TRACE] - 2018-01-08 21:12:44,0024 - run-main-9 - fpinscala.datastructures.Run$ - add(10,9)
[TRACE] - 2018-01-08 21:12:44,0024 - run-main-9 - fpinscala.datastructures.Run$ - add(19,8)
[TRACE] - 2018-01-08 21:12:44,0025 - run-main-9 - fpinscala.datastructures.Run$ - add(27,7)
[TRACE] - 2018-01-08 21:12:44,0025 - run-main-9 - fpinscala.datastructures.Run$ - add(34,6)
[TRACE] - 2018-01-08 21:12:44,0025 - run-main-9 - fpinscala.datastructures.Run$ - add(40,5)
[TRACE] - 2018-01-08 21:12:44,0025 - run-main-9 - fpinscala.datastructures.Run$ - add(45,4)
[TRACE] - 2018-01-08 21:12:44,0025 - run-main-9 - fpinscala.datastructures.Run$ - add(49,3)
[TRACE] - 2018-01-08 21:12:44,0025 - run-main-9 - fpinscala.datastructures.Run$ - add(52,2)
[TRACE] - 2018-01-08 21:12:44,0025 - run-main-9 - fpinscala.datastructures.Run$ - add(54,1)
[TRACE] - 2018-01-08 21:17:27,0915 - run-main-a - fpinscala.datastructures.Run$ - add(0,1)
[TRACE] - 2018-01-08 21:17:27,0916 - run-main-a - fpinscala.datastructures.Run$ - add(1,2)
[TRACE] - 2018-01-08 21:17:27,0916 - run-main-a - fpinscala.datastructures.Run$ - add(3,3)
[TRACE] - 2018-01-08 21:17:27,0916 - run-main-a - fpinscala.datastructures.Run$ - add(6,4)
[TRACE] - 2018-01-08 21:17:27,0916 - run-main-a - fpinscala.datastructures.Run$ - add(10,5)
[TRACE] - 2018-01-08 21:17:27,0916 - run-main-a - fpinscala.datastructures.Run$ - add(15,6)
[TRACE] - 2018-01-08 21:17:27,0916 - run-main-a - fpinscala.datastructures.Run$ - add(21,7)
[TRACE] - 2018-01-08 21:17:27,0916 - run-main-a - fpinscala.datastructures.Run$ - add(28,8)
[TRACE] - 2018-01-08 21:17:27,0917 - run-main-a - fpinscala.datastructures.Run$ - add(36,9)
[TRACE] - 2018-01-08 21:17:27,0917 - run-main-a - fpinscala.datastructures.Run$ - add(45,10)
[TRACE] - 2018-01-08 21:17:27,0918 - run-main-a - fpinscala.datastructures.Run$ - add(0,10)
[TRACE] - 2018-01-08 21:17:27,0918 - run-main-a - fpinscala.datastructures.Run$ - add(10,9)
[TRACE] - 2018-01-08 21:17:27,0918 - run-main-a - fpinscala.datastructures.Run$ - add(19,8)
[TRACE] - 2018-01-08 21:17:27,0919 - run-main-a - fpinscala.datastructures.Run$ - add(27,7)
[TRACE] - 2018-01-08 21:17:27,0919 - run-main-a - fpinscala.datastructures.Run$ - add(34,6)
[TRACE] - 2018-01-08 21:17:27,0919 - run-main-a - fpinscala.datastructures.Run$ - add(40,5)
[TRACE] - 2018-01-08 21:17:27,0919 - run-main-a - fpinscala.datastructures.Run$ - add(45,4)
[TRACE] - 2018-01-08 21:17:27,0919 - run-main-a - fpinscala.datastructures.Run$ - add(49,3)
[TRACE] - 2018-01-08 21:17:27,0919 - run-main-a - fpinscala.datastructures.Run$ - add(52,2)
[TRACE] - 2018-01-08 21:17:27,0919 - run-main-a - fpinscala.datastructures.Run$ - add(54,1)
[TRACE] - 2018-01-08 21:17:27,0920 - run-main-a - fpinscala.datastructures.Run$ - toStr( ,1)
[TRACE] - 2018-01-08 21:17:27,0920 - run-main-a - fpinscala.datastructures.Run$ - toStr( 1,2)
[TRACE] - 2018-01-08 21:17:27,0920 - run-main-a - fpinscala.datastructures.Run$ - toStr( 12,3)
[TRACE] - 2018-01-08 21:17:27,0921 - run-main-a - fpinscala.datastructures.Run$ - toStr( 123,4)
[TRACE] - 2018-01-08 21:17:27,0921 - run-main-a - fpinscala.datastructures.Run$ - toStr( 1234,5)
[TRACE] - 2018-01-08 21:17:27,0921 - run-main-a - fpinscala.datastructures.Run$ - toStr( 12345,6)
[TRACE] - 2018-01-08 21:17:27,0921 - run-main-a - fpinscala.datastructures.Run$ - toStr( 123456,7)
[TRACE] - 2018-01-08 21:17:27,0921 - run-main-a - fpinscala.datastructures.Run$ - toStr( 1234567,8)
[TRACE] - 2018-01-08 21:17:27,0921 - run-main-a - fpinscala.datastructures.Run$ - toStr( 12345678,9)
[TRACE] - 2018-01-08 21:17:27,0921 - run-main-a - fpinscala.datastructures.Run$ - toStr( 123456789,10)
[TRACE] - 2018-01-08 21:17:27,0922 - run-main-a - fpinscala.datastructures.Run$ - toStr( ,10)
[TRACE] - 2018-01-08 21:17:27,0922 - run-main-a - fpinscala.datastructures.Run$ - toStr( 10,9)
[TRACE] - 2018-01-08 21:17:27,0922 - run-main-a - fpinscala.datastructures.Run$ - toStr( 109,8)
[TRACE] - 2018-01-08 21:17:27,0922 - run-main-a - fpinscala.datastructures.Run$ - toStr( 1098,7)
[TRACE] - 2018-01-08 21:17:27,0922 - run-main-a - fpinscala.datastructures.Run$ - toStr( 10987,6)
[TRACE] - 2018-01-08 21:17:27,0922 - run-main-a - fpinscala.datastructures.Run$ - toStr( 109876,5)
[TRACE] - 2018-01-08 21:17:27,0922 - run-main-a - fpinscala.datastructures.Run$ - toStr( 1098765,4)
[TRACE] - 2018-01-08 21:17:27,0923 - run-main-a - fpinscala.datastructures.Run$ - toStr( 10987654,3)
[TRACE] - 2018-01-08 21:17:27,0923 - run-main-a - fpinscala.datastructures.Run$ - toStr( 109876543,2)
[TRACE] - 2018-01-08 21:17:27,0923 - run-main-a - fpinscala.datastructures.Run$ - toStr( 1098765432,1)
[TRACE] - 2018-01-08 21:17:52,0125 - run-main-b - fpinscala.datastructures.Run$ - add(0,1)
[TRACE] - 2018-01-08 21:17:52,0125 - run-main-b - fpinscala.datastructures.Run$ - add(1,2)
[TRACE] - 2018-01-08 21:17:52,0125 - run-main-b - fpinscala.datastructures.Run$ - add(3,3)
[TRACE] - 2018-01-08 21:17:52,0125 - run-main-b - fpinscala.datastructures.Run$ - add(6,4)
[TRACE] - 2018-01-08 21:17:52,0125 - run-main-b - fpinscala.datastructures.Run$ - add(10,5)
[TRACE] - 2018-01-08 21:17:52,0125 - run-main-b - fpinscala.datastructures.Run$ - add(15,6)
[TRACE] - 2018-01-08 21:17:52,0125 - run-main-b - fpinscala.datastructures.Run$ - add(21,7)
[TRACE] - 2018-01-08 21:17:52,0126 - run-main-b - fpinscala.datastructures.Run$ - add(28,8)
[TRACE] - 2018-01-08 21:17:52,0126 - run-main-b - fpinscala.datastructures.Run$ - add(36,9)
[TRACE] - 2018-01-08 21:17:52,0126 - run-main-b - fpinscala.datastructures.Run$ - add(45,10)
[TRACE] - 2018-01-08 21:17:52,0127 - run-main-b - fpinscala.datastructures.Run$ - add(0,10)
[TRACE] - 2018-01-08 21:17:52,0127 - run-main-b - fpinscala.datastructures.Run$ - add(10,9)
[TRACE] - 2018-01-08 21:17:52,0127 - run-main-b - fpinscala.datastructures.Run$ - add(19,8)
[TRACE] - 2018-01-08 21:17:52,0127 - run-main-b - fpinscala.datastructures.Run$ - add(27,7)
[TRACE] - 2018-01-08 21:17:52,0127 - run-main-b - fpinscala.datastructures.Run$ - add(34,6)
[TRACE] - 2018-01-08 21:17:52,0127 - run-main-b - fpinscala.datastructures.Run$ - add(40,5)
[TRACE] - 2018-01-08 21:17:52,0127 - run-main-b - fpinscala.datastructures.Run$ - add(45,4)
[TRACE] - 2018-01-08 21:17:52,0127 - run-main-b - fpinscala.datastructures.Run$ - add(49,3)
[TRACE] - 2018-01-08 21:17:52,0127 - run-main-b - fpinscala.datastructures.Run$ - add(52,2)
[TRACE] - 2018-01-08 21:17:52,0127 - run-main-b - fpinscala.datastructures.Run$ - add(54,1)
[TRACE] - 2018-01-08 21:17:52,0128 - run-main-b - fpinscala.datastructures.Run$ - toStr( ,1)
[TRACE] - 2018-01-08 21:17:52,0128 - run-main-b - fpinscala.datastructures.Run$ - toStr(  1,2)
[TRACE] - 2018-01-08 21:17:52,0129 - run-main-b - fpinscala.datastructures.Run$ - toStr(  1 2,3)
[TRACE] - 2018-01-08 21:17:52,0129 - run-main-b - fpinscala.datastructures.Run$ - toStr(  1 2 3,4)
[TRACE] - 2018-01-08 21:17:52,0129 - run-main-b - fpinscala.datastructures.Run$ - toStr(  1 2 3 4,5)
[TRACE] - 2018-01-08 21:17:52,0129 - run-main-b - fpinscala.datastructures.Run$ - toStr(  1 2 3 4 5,6)
[TRACE] - 2018-01-08 21:17:52,0129 - run-main-b - fpinscala.datastructures.Run$ - toStr(  1 2 3 4 5 6,7)
[TRACE] - 2018-01-08 21:17:52,0129 - run-main-b - fpinscala.datastructures.Run$ - toStr(  1 2 3 4 5 6 7,8)
[TRACE] - 2018-01-08 21:17:52,0129 - run-main-b - fpinscala.datastructures.Run$ - toStr(  1 2 3 4 5 6 7 8,9)
[TRACE] - 2018-01-08 21:17:52,0129 - run-main-b - fpinscala.datastructures.Run$ - toStr(  1 2 3 4 5 6 7 8 9,10)
[TRACE] - 2018-01-08 21:17:52,0130 - run-main-b - fpinscala.datastructures.Run$ - toStr( ,10)
[TRACE] - 2018-01-08 21:17:52,0130 - run-main-b - fpinscala.datastructures.Run$ - toStr(  10,9)
[TRACE] - 2018-01-08 21:17:52,0130 - run-main-b - fpinscala.datastructures.Run$ - toStr(  10 9,8)
[TRACE] - 2018-01-08 21:17:52,0130 - run-main-b - fpinscala.datastructures.Run$ - toStr(  10 9 8,7)
[TRACE] - 2018-01-08 21:17:52,0130 - run-main-b - fpinscala.datastructures.Run$ - toStr(  10 9 8 7,6)
[TRACE] - 2018-01-08 21:17:52,0130 - run-main-b - fpinscala.datastructures.Run$ - toStr(  10 9 8 7 6,5)
[TRACE] - 2018-01-08 21:17:52,0130 - run-main-b - fpinscala.datastructures.Run$ - toStr(  10 9 8 7 6 5,4)
[TRACE] - 2018-01-08 21:17:52,0130 - run-main-b - fpinscala.datastructures.Run$ - toStr(  10 9 8 7 6 5 4,3)
[TRACE] - 2018-01-08 21:17:52,0130 - run-main-b - fpinscala.datastructures.Run$ - toStr(  10 9 8 7 6 5 4 3,2)
[TRACE] - 2018-01-08 21:17:52,0131 - run-main-b - fpinscala.datastructures.Run$ - toStr(  10 9 8 7 6 5 4 3 2,1)
[TRACE] - 2018-01-08 21:18:39,0570 - run-main-c - fpinscala.datastructures.Run$ - add(0,1)
[TRACE] - 2018-01-08 21:18:39,0570 - run-main-c - fpinscala.datastructures.Run$ - add(1,2)
[TRACE] - 2018-01-08 21:18:39,0570 - run-main-c - fpinscala.datastructures.Run$ - add(3,3)
[TRACE] - 2018-01-08 21:18:39,0571 - run-main-c - fpinscala.datastructures.Run$ - add(6,4)
[TRACE] - 2018-01-08 21:18:39,0571 - run-main-c - fpinscala.datastructures.Run$ - add(10,5)
[TRACE] - 2018-01-08 21:18:39,0571 - run-main-c - fpinscala.datastructures.Run$ - add(15,6)
[TRACE] - 2018-01-08 21:18:39,0571 - run-main-c - fpinscala.datastructures.Run$ - add(21,7)
[TRACE] - 2018-01-08 21:18:39,0571 - run-main-c - fpinscala.datastructures.Run$ - add(28,8)
[TRACE] - 2018-01-08 21:18:39,0571 - run-main-c - fpinscala.datastructures.Run$ - add(36,9)
[TRACE] - 2018-01-08 21:18:39,0571 - run-main-c - fpinscala.datastructures.Run$ - add(45,10)
[TRACE] - 2018-01-08 21:18:39,0572 - run-main-c - fpinscala.datastructures.Run$ - add(0,10)
[TRACE] - 2018-01-08 21:18:39,0573 - run-main-c - fpinscala.datastructures.Run$ - add(10,9)
[TRACE] - 2018-01-08 21:18:39,0573 - run-main-c - fpinscala.datastructures.Run$ - add(19,8)
[TRACE] - 2018-01-08 21:18:39,0573 - run-main-c - fpinscala.datastructures.Run$ - add(27,7)
[TRACE] - 2018-01-08 21:18:39,0573 - run-main-c - fpinscala.datastructures.Run$ - add(34,6)
[TRACE] - 2018-01-08 21:18:39,0573 - run-main-c - fpinscala.datastructures.Run$ - add(40,5)
[TRACE] - 2018-01-08 21:18:39,0573 - run-main-c - fpinscala.datastructures.Run$ - add(45,4)
[TRACE] - 2018-01-08 21:18:39,0573 - run-main-c - fpinscala.datastructures.Run$ - add(49,3)
[TRACE] - 2018-01-08 21:18:39,0573 - run-main-c - fpinscala.datastructures.Run$ - add(52,2)
[TRACE] - 2018-01-08 21:18:39,0573 - run-main-c - fpinscala.datastructures.Run$ - add(54,1)
[TRACE] - 2018-01-08 21:18:39,0575 - run-main-c - fpinscala.datastructures.Run$ - toStr(' ','1')
[TRACE] - 2018-01-08 21:18:39,0575 - run-main-c - fpinscala.datastructures.Run$ - toStr('  1','2')
[TRACE] - 2018-01-08 21:18:39,0575 - run-main-c - fpinscala.datastructures.Run$ - toStr('  1 2','3')
[TRACE] - 2018-01-08 21:18:39,0575 - run-main-c - fpinscala.datastructures.Run$ - toStr('  1 2 3','4')
[TRACE] - 2018-01-08 21:18:39,0575 - run-main-c - fpinscala.datastructures.Run$ - toStr('  1 2 3 4','5')
[TRACE] - 2018-01-08 21:18:39,0575 - run-main-c - fpinscala.datastructures.Run$ - toStr('  1 2 3 4 5','6')
[TRACE] - 2018-01-08 21:18:39,0575 - run-main-c - fpinscala.datastructures.Run$ - toStr('  1 2 3 4 5 6','7')
[TRACE] - 2018-01-08 21:18:39,0575 - run-main-c - fpinscala.datastructures.Run$ - toStr('  1 2 3 4 5 6 7','8')
[TRACE] - 2018-01-08 21:18:39,0575 - run-main-c - fpinscala.datastructures.Run$ - toStr('  1 2 3 4 5 6 7 8','9')
[TRACE] - 2018-01-08 21:18:39,0575 - run-main-c - fpinscala.datastructures.Run$ - toStr('  1 2 3 4 5 6 7 8 9','10')
[TRACE] - 2018-01-08 21:18:39,0576 - run-main-c - fpinscala.datastructures.Run$ - toStr(' ','10')
[TRACE] - 2018-01-08 21:18:39,0576 - run-main-c - fpinscala.datastructures.Run$ - toStr('  10','9')
[TRACE] - 2018-01-08 21:18:39,0577 - run-main-c - fpinscala.datastructures.Run$ - toStr('  10 9','8')
[TRACE] - 2018-01-08 21:18:39,0577 - run-main-c - fpinscala.datastructures.Run$ - toStr('  10 9 8','7')
[TRACE] - 2018-01-08 21:18:39,0577 - run-main-c - fpinscala.datastructures.Run$ - toStr('  10 9 8 7','6')
[TRACE] - 2018-01-08 21:18:39,0577 - run-main-c - fpinscala.datastructures.Run$ - toStr('  10 9 8 7 6','5')
[TRACE] - 2018-01-08 21:18:39,0577 - run-main-c - fpinscala.datastructures.Run$ - toStr('  10 9 8 7 6 5','4')
[TRACE] - 2018-01-08 21:18:39,0577 - run-main-c - fpinscala.datastructures.Run$ - toStr('  10 9 8 7 6 5 4','3')
[TRACE] - 2018-01-08 21:18:39,0577 - run-main-c - fpinscala.datastructures.Run$ - toStr('  10 9 8 7 6 5 4 3','2')
[TRACE] - 2018-01-08 21:18:39,0577 - run-main-c - fpinscala.datastructures.Run$ - toStr('  10 9 8 7 6 5 4 3 2','1')
[TRACE] - 2018-01-09 21:41:36,0859 - run-main-d - fpinscala.datastructures.Run$ - add(3,0)
[TRACE] - 2018-01-09 21:41:36,0859 - run-main-d - fpinscala.datastructures.Run$ - add(2,3)
[TRACE] - 2018-01-09 21:41:36,0859 - run-main-d - fpinscala.datastructures.Run$ - add(1,5)
[TRACE] - 2018-01-09 21:49:20,0114 - run-main-e - fpinscala.datastructures.Run$ - add(3,0)
[TRACE] - 2018-01-09 21:49:20,0114 - run-main-e - fpinscala.datastructures.Run$ - add(2,3)
[TRACE] - 2018-01-09 21:49:20,0114 - run-main-e - fpinscala.datastructures.Run$ - add(1,5)
[TRACE] - 2018-01-09 21:49:20,0115 - run-main-e - fpinscala.datastructures.Run$ - add(0,3)
[TRACE] - 2018-01-09 21:49:20,0115 - run-main-e - fpinscala.datastructures.Run$ - add(3,2)
[TRACE] - 2018-01-09 21:49:20,0115 - run-main-e - fpinscala.datastructures.Run$ - add(5,1)
[TRACE] - 2018-01-09 21:58:09,0312 - run-main-f - fpinscala.datastructures.Run$ - add(3,0)
[TRACE] - 2018-01-09 21:58:09,0312 - run-main-f - fpinscala.datastructures.Run$ - add(2,3)
[TRACE] - 2018-01-09 21:58:09,0312 - run-main-f - fpinscala.datastructures.Run$ - add(1,5)
[TRACE] - 2018-01-09 21:58:09,0313 - run-main-f - fpinscala.datastructures.Run$ - add(0,3)
[TRACE] - 2018-01-09 21:58:09,0313 - run-main-f - fpinscala.datastructures.Run$ - add(3,2)
[TRACE] - 2018-01-09 21:58:09,0313 - run-main-f - fpinscala.datastructures.Run$ - add(5,1)
[TRACE] - 2018-01-09 21:58:09,0313 - run-main-f - fpinscala.datastructures.Run$ - add(0,1)
[TRACE] - 2018-01-09 21:58:09,0314 - run-main-f - fpinscala.datastructures.Run$ - add(1,2)
[TRACE] - 2018-01-09 21:58:09,0314 - run-main-f - fpinscala.datastructures.Run$ - add(3,3)
[TRACE] - 2022-06-20 13:05:57,0893 - sbt-bg-threads-1 - fpinscala.datastructures.Run$ - add(3,0)
[TRACE] - 2022-06-20 13:05:57,0894 - sbt-bg-threads-1 - fpinscala.datastructures.Run$ - add(2,3)
[TRACE] - 2022-06-20 13:05:57,0894 - sbt-bg-threads-1 - fpinscala.datastructures.Run$ - add(1,5)
[TRACE] - 2022-06-20 13:05:57,0895 - sbt-bg-threads-1 - fpinscala.datastructures.Run$ - add(0,3)
[TRACE] - 2022-06-20 13:05:57,0895 - sbt-bg-threads-1 - fpinscala.datastructures.Run$ - add(3,2)
[TRACE] - 2022-06-20 13:05:57,0896 - sbt-bg-threads-1 - fpinscala.datastructures.Run$ - add(5,1)
[TRACE] - 2022-06-20 13:05:57,0896 - sbt-bg-threads-1 - fpinscala.datastructures.Run$ - add(0,1)
[TRACE] - 2022-06-20 13:05:57,0897 - sbt-bg-threads-1 - fpinscala.datastructures.Run$ - add(1,2)
[TRACE] - 2022-06-20 13:05:57,0897 - sbt-bg-threads-1 - fpinscala.datastructures.Run$ - add(3,3)
